proguard/seeds.txt
org.mrpdaemon.android.encdroidmc.ConfigSyncActivity
org.mrpdaemon.android.encdroidmc.ConfigSyncActivity: ConfigSyncActivity()
org.mrpdaemon.android.encdroidmc.ConfigSyncActivity: void localFolderButtonClick(android.view.View)
org.mrpdaemon.android.encdroidmc.ConfigSyncActivity: void saveButtonClick(android.view.View)
org.mrpdaemon.android.encdroidmc.ConfigSyncActivity: void runButtonClick(android.view.View)
org.mrpdaemon.android.encdroidmc.ConfigSyncActivity: void deleteButtonClick(android.view.View)
org.mrpdaemon.android.encdroidmc.EDAccountsActivity
org.mrpdaemon.android.encdroidmc.EDAccountsActivity: EDAccountsActivity()
org.mrpdaemon.android.encdroidmc.EDApplication
org.mrpdaemon.android.encdroidmc.EDApplication: EDApplication()
org.mrpdaemon.android.encdroidmc.EDFileChooserActivity
org.mrpdaemon.android.encdroidmc.EDFileChooserActivity: EDFileChooserActivity()
org.mrpdaemon.android.encdroidmc.EDPreferenceActivity
org.mrpdaemon.android.encdroidmc.EDPreferenceActivity: EDPreferenceActivity()
org.mrpdaemon.android.encdroidmc.EDVolumeBrowserActivity
org.mrpdaemon.android.encdroidmc.EDVolumeBrowserActivity: EDVolumeBrowserActivity()
org.mrpdaemon.android.encdroidmc.EDVolumeListActivity
org.mrpdaemon.android.encdroidmc.EDVolumeListActivity: EDVolumeListActivity()
org.mrpdaemon.android.encdroidmc.MusicPlayer
org.mrpdaemon.android.encdroidmc.MusicPlayer: MusicPlayer()
org.mrpdaemon.android.encdroidmc.PinCodeActivity
org.mrpdaemon.android.encdroidmc.PinCodeActivity: PinCodeActivity()
org.mrpdaemon.android.encdroidmc.PinCodeActivity: void clic0(android.view.View)
org.mrpdaemon.android.encdroidmc.PinCodeActivity: void clic1(android.view.View)
org.mrpdaemon.android.encdroidmc.PinCodeActivity: void clic2(android.view.View)
org.mrpdaemon.android.encdroidmc.PinCodeActivity: void clic3(android.view.View)
org.mrpdaemon.android.encdroidmc.PinCodeActivity: void clic4(android.view.View)
org.mrpdaemon.android.encdroidmc.PinCodeActivity: void clic5(android.view.View)
org.mrpdaemon.android.encdroidmc.PinCodeActivity: void clic6(android.view.View)
org.mrpdaemon.android.encdroidmc.PinCodeActivity: void clic7(android.view.View)
org.mrpdaemon.android.encdroidmc.PinCodeActivity: void clic8(android.view.View)
org.mrpdaemon.android.encdroidmc.PinCodeActivity: void clic9(android.view.View)
org.mrpdaemon.android.encdroidmc.PinCodeActivity: void removePin(android.view.View)
org.mrpdaemon.android.encdroidmc.PinCodeActivity: void clicok(android.view.View)
org.mrpdaemon.android.encdroidmc.PinCodeActivity: void clicClear(android.view.View)
org.mrpdaemon.android.encdroidmc.R$attr: int menuIconPaste
org.mrpdaemon.android.encdroidmc.R$attr: int menuIconPrefs
org.mrpdaemon.android.encdroidmc.R$dimen: int activity_horizontal_margin
org.mrpdaemon.android.encdroidmc.R$dimen: int activity_vertical_margin
...
android.support.v4.app.FragmentManagerImpl$5
android.support.v4.app.FragmentManagerImpl$5: android.support.v4.app.Fragment val$fragment
android.support.v4.app.FragmentManagerImpl$5: android.support.v4.app.FragmentManagerImpl this$0
android.support.v4.app.FragmentManagerImpl$5: FragmentManagerImpl$5(android.support.v4.app.FragmentManagerImpl,android.support.v4.app.Fragment)
android.support.v4.app.FragmentManagerImpl$5: void onAnimationEnd(android.view.animation.Animation)
android.support.v4.app.FragmentManagerImpl$5: void onAnimationRepeat(android.view.animation.Animation)
android.support.v4.app.FragmentManagerImpl$5: void onAnimationStart(android.view.animation.Animation)
android.support.v4.app.FragmentManagerState
android.support.v4.app.FragmentManagerState: android.support.v4.app.FragmentState[] mActive
android.support.v4.app.FragmentManagerState: int[] mAdded
android.support.v4.app.FragmentManagerState: android.support.v4.app.BackStackState[] mBackStack
android.support.v4.app.FragmentManagerState: android.os.Parcelable$Creator CREATOR
android.support.v4.app.FragmentManagerState: FragmentManagerState()
android.support.v4.app.FragmentManagerState: FragmentManagerState(android.os.Parcel)
android.support.v4.app.FragmentManagerState: int describeContents()
android.support.v4.app.FragmentManagerState: void writeToParcel(android.os.Parcel,int)
android.support.v4.app.FragmentManagerState: void <clinit>()
android.support.v4.app.FragmentManagerState$1
android.support.v4.app.FragmentManagerState$1: FragmentManagerState$1()
android.support.v4.app.FragmentManagerState$1: android.support.v4.app.FragmentManagerState createFromParcel(android.os.Parcel)
android.support.v4.app.FragmentManagerState$1: android.support.v4.app.FragmentManagerState[] newArray(int)
android.support.v4.app.FragmentManagerState$1: java.lang.Object[] newArray(int)
android.support.v4.app.FragmentManagerState$1: java.lang.Object createFromParcel(android.os.Parcel)
android.support.v4.app.FragmentPagerAdapter
android.support.v4.app.FragmentPagerAdapter: java.lang.String TAG
android.support.v4.app.FragmentPagerAdapter: boolean DEBUG
android.support.v4.app.FragmentPagerAdapter: android.support.v4.app.FragmentManager mFragmentManager
android.support.v4.app.FragmentPagerAdapter: android.support.v4.app.FragmentTransaction mCurTransaction
android.support.v4.app.FragmentPagerAdapter: android.support.v4.app.Fragment mCurrentPrimaryItem
android.support.v4.app.FragmentPagerAdapter: FragmentPagerAdapter(android.support.v4.app.FragmentManager)
android.support.v4.app.FragmentPagerAdapter: android.support.v4.app.Fragment getItem(int)
android.support.v4.app.FragmentPagerAdapter: void startUpdate(android.view.ViewGroup)
android.support.v4.app.FragmentPagerAdapter: java.lang.Object instantiateItem(android.view.ViewGroup,int)
android.support.v4.app.FragmentPagerAdapter: void destroyItem(android.view.ViewGroup,int,java.lang.Object)
android.support.v4.app.FragmentPagerAdapter: void setPrimaryItem(android.view.ViewGroup,int,java.lang.Object)
android.support.v4.app.FragmentPagerAdapter: void finishUpdate(android.view.ViewGroup)
android.support.v4.app.FragmentPagerAdapter: boolean isViewFromObject(android.view.View,java.lang.Object)
android.support.v4.app.FragmentPagerAdapter: android.os.Parcelable saveState()
android.support.v4.app.FragmentPagerAdapter: void restoreState(android.os.Parcelable,java.lang.ClassLoader)