proguard/mapping.txt
org.mrpdaemon.android.encdroidmc.CallUrlThread -> org.mrpdaemon.android.encdroidmc.a:
    long maxSizeForSynchronousDownload -> f
    java.lang.String url -> g
    boolean finished -> a
    long size -> b
    java.io.InputStream is -> c
    java.lang.String name -> d
    java.lang.String error -> e
    void run() -> run
org.mrpdaemon.android.encdroidmc.ConfigSyncActivity -> org.mrpdaemon.android.encdroidmc.ConfigSyncActivity:
    java.lang.String[] rules -> a
    java.util.List syncRules -> b
    android.widget.Spinner spin1 -> c
    boolean userSelect -> d
    int maxID -> l
    android.widget.EditText volumeName -> e
    android.widget.EditText volumePath -> f
    android.widget.EditText password -> g
    android.widget.CheckBox onlyWifiCheckBox -> h
    android.widget.CheckBox removeAfterCheckBox -> i
    android.widget.EditText localFolder -> j
    android.widget.EditText syncID -> k
    void onCreate(android.os.Bundle) -> onCreate
    void refresh(java.lang.String) -> a
    void localFolderButtonClick(android.view.View) -> localFolderButtonClick
    void saveButtonClick(android.view.View) -> saveButtonClick
    void runButtonClick(android.view.View) -> runButtonClick
    void deleteButtonClick(android.view.View) -> deleteButtonClick
    boolean onCreateOptionsMenu(android.view.Menu) -> onCreateOptionsMenu
    boolean onOptionsItemSelected(android.view.MenuItem) -> onOptionsItemSelected
    void onActivityResult(int,int,android.content.Intent) -> onActivityResult
    void onItemSelected(android.widget.AdapterView,android.view.View,int,long) -> onItemSelected
    void onNothingSelected(android.widget.AdapterView) -> onNothingSelected
    boolean onTouch(android.view.View,android.view.MotionEvent) -> onTouch
org.mrpdaemon.android.encdroidmc.ConfigSyncActivity$1 -> org.mrpdaemon.android.encdroidmc.ConfigSyncActivity$1:
    org.mrpdaemon.android.encdroidmc.ConfigSyncActivity this$0 -> a
    void run() -> run
org.mrpdaemon.android.encdroidmc.EDAccountsActivity -> org.mrpdaemon.android.encdroidmc.EDAccountsActivity:
    org.mrpdaemon.android.encdroidmc.EDApplication mApp -> a
    org.mrpdaemon.android.encdroidmc.EDActionBar mActionBar -> b
    java.lang.String mErrDialogText -> c
    void onCreate(android.os.Bundle) -> onCreate
    boolean onOptionsItemSelected(android.view.MenuItem) -> onOptionsItemSelected
    boolean onKeyDown(int,android.view.KeyEvent) -> onKeyDown
    android.app.Dialog onCreateDialog(int) -> onCreateDialog
    void fill() -> a
    void onStart() -> onStart
    void onResume() -> onResume
org.mrpdaemon.android.encdroidmc.EDAccountsActivity$1 -> org.mrpdaemon.android.encdroidmc.EDAccountsActivity$1:
    org.mrpdaemon.android.encdroidmc.EDAccountsActivity this$0 -> a
    void onClick(android.content.DialogInterface,int) -> onClick
org.mrpdaemon.android.encdroidmc.EDActionBar -> org.mrpdaemon.android.encdroidmc.b:
    android.app.ActionBar mActionBar -> a
    void checkAvailable() -> a
    void setDisplayHomeAsUpEnabled(boolean) -> a
    void invalidateOptionsMenu(android.app.Activity) -> a
org.mrpdaemon.android.encdroidmc.EDApplication -> org.mrpdaemon.android.encdroidmc.EDApplication:
    java.util.List volumeList -> a
    org.mrpdaemon.android.encdroidmc.EDDBHelper dbHelper -> c
    boolean mActionBarAvailable -> d
    org.mrpdaemon.android.encdroidmc.EDNativePBKDF2Provider mNativePBKDF2Provider -> e
    boolean mNativePBKDF2ProviderAvailable -> f
    android.content.BroadcastReceiver screenOffReceiver -> b
    void onCreate() -> onCreate
    boolean isActionBarAvailable() -> a
    java.util.List getVolumeList() -> b
    org.mrpdaemon.android.encdroidmc.EDDBHelper getDbHelper() -> c
    org.mrpdaemon.android.encdroidmc.EDNativePBKDF2Provider getNativePBKDF2Provider() -> d
...
org.mrpdaemon.sec.encfs.BlockFilenameDecryptionStrategy -> org.mrpdaemon.a.a.d:
    byte[] decryptConcrete(org.mrpdaemon.sec.encfs.EncFSVolume,byte[],byte[]) -> a
    java.lang.String decryptPost(byte[]) -> a
org.mrpdaemon.sec.encfs.BlockFilenameEncryptionStrategy -> org.mrpdaemon.a.a.e:
    byte[] encryptConcrete(org.mrpdaemon.sec.encfs.EncFSVolume,byte[],byte[]) -> a
    byte[] getPaddedDecFilename(byte[]) -> a
org.mrpdaemon.sec.encfs.EncFSBase64 -> org.mrpdaemon.a.a.f:
    byte[] _STANDARD_ALPHABET -> b
    byte[] _STANDARD_DECODABET -> c
    byte[] _URL_SAFE_ALPHABET -> d
    byte[] _URL_SAFE_DECODABET -> e
    byte[] _ORDERED_ALPHABET -> f
    byte[] _ORDERED_DECODABET -> g
    byte[] _ENCFS_DECODABET -> h
    char[] B642AsciiTable -> i
    boolean $assertionsDisabled -> a
    byte[] getAlphabet(int) -> b
    byte[] getDecodabet(int) -> c
    byte[] encode3to4(byte[],byte[],int,int) -> c
    byte[] encode3to4(byte[],int,int,byte[],int,int) -> a
    java.lang.String encodeBytes(byte[]) -> a
    java.lang.String encodeBytes(byte[],int) -> a
    byte[] encodeBytesToBytes(byte[],int,int,int) -> a
    int decode4to3(byte[],byte[],int,int) -> d
    byte[] decode(byte[],int,int) -> a
    byte[] decode(java.lang.String) -> a
    byte[] decode(java.lang.String,int) -> a
    byte[] encodeEncfs(byte[]) -> b
    byte[] changeBase2(byte[],int,int) -> b
    void B64ToAscii(byte[]) -> d
    byte[] decodeEncfs(byte[]) -> c
    byte[] access$0(int) -> a
    int access$2(byte[],byte[],int,int) -> a
    byte[] access$3(byte[],byte[],int,int) -> b
org.mrpdaemon.sec.encfs.EncFSBase64$OutputStream -> org.mrpdaemon.a.a.g:
    boolean encode -> a
    int position -> b
    byte[] buffer -> c
    int bufferLength -> d
    int lineLength -> e
    boolean breakLines -> f
    byte[] b4 -> g
    boolean suspendEncoding -> h
    int options -> i
    byte[] decodabet -> j
    void write(int) -> write
    void write(byte[],int,int) -> write
    void flushBase64() -> a
    void close() -> close
org.mrpdaemon.sec.encfs.EncFSChecksumException -> org.mrpdaemon.a.a.h:
org.mrpdaemon.sec.encfs.EncFSConfig -> org.mrpdaemon.a.a.i:
    int volumeKeySizeInBits -> a
    int encryptedFileBlockSizeInBytes -> b
    boolean useUniqueIV -> c
    boolean chainedNameIV -> d
    boolean holesAllowedInFiles -> e
    int encodedKeyLengthInBytes -> f
    java.lang.String base64EncodedVolumeKey -> g
    int saltLengthBytes -> h
    java.lang.String base64Salt -> i
    int iterationForPasswordKeyDerivationCount -> j
    org.mrpdaemon.sec.encfs.EncFSFilenameEncryptionAlgorithm filenameAlgorithm -> k
    int numberOfMACBytesForEachFileBlock -> l
    int numberOfRandomBytesInEachMACHeader -> m
    boolean supportedExternalIVChaining -> n
    int getVolumeKeySizeInBits() -> a
    void setVolumeKeySizeInBits(int) -> a
    int getEncryptedFileBlockSizeInBytes() -> b
    void setEncryptedFileBlockSizeInBytes(int) -> b
    boolean isUseUniqueIV() -> c
    void setUseUniqueIV(boolean) -> a
    boolean isChainedNameIV() -> d
    void setChainedNameIV(boolean) -> b
    boolean isHolesAllowedInFiles() -> e
    void setHolesAllowedInFiles(boolean) -> c
    int getEncodedKeyLengthInBytes() -> f
    void setEncodedKeyLengthInBytes(int) -> c
    java.lang.String getBase64EncodedVolumeKey() -> g
    void setBase64EncodedVolumeKey(java.lang.String) -> a
    int getSaltLengthBytes() -> h
    void setSaltLengthBytes(int) -> d
    java.lang.String getBase64Salt() -> i
    void setBase64Salt(java.lang.String) -> b
    int getIterationForPasswordKeyDerivationCount() -> j
org.mrpdaemon.sec.encfs.EncFSConfigFactory -> org.mrpdaemon.a.a.j:
    org.mrpdaemon.sec.encfs.EncFSConfig createDefault() -> a