proguard/usage.txt
org.mrpdaemon.android.encdroidmc.BuildConfig
org.mrpdaemon.android.encdroidmc.EDAccountsActivity:
    private static final int DIALOG_ERROR
    private static final java.lang.String TAG
org.mrpdaemon.android.encdroidmc.EDApplication:
    private static final java.lang.String TAG
    158:158:public boolean isNativePBKDF2ProviderAvailable()
org.mrpdaemon.android.encdroidmc.EDAsyncTask:
    38:38:public org.mrpdaemon.android.encdroidmc.asyncTasks.NotificationHelper getProgressDialog()
org.mrpdaemon.android.encdroidmc.EDDBHelper:
    public static final java.lang.String DB_NAME
    public static final int DB_VERSION
    public static final java.lang.String DB_TABLE
    public static final java.lang.String DB_COL_ID
    public static final java.lang.String DB_COL_NAME
    public static final java.lang.String DB_COL_PATH
    public static final java.lang.String DB_COL_PROVIDER_TYPE
    public static final java.lang.String DB_COL_PROVIDER_PARAMS
    public static final java.lang.String DB_COL_KEY
org.mrpdaemon.android.encdroidmc.EDFileChooserActivity:
    public static final int VOLUME_PICKER_MODE
    public static final int FILE_PICKER_MODE
    public static final int EXPORT_FILE_MODE
    public static final int CREATE_VOLUME_MODE
    public static final int FOLDER_PICKER_MODE
    public static final java.lang.String EXPORT_FILE_KEY
    public static final int LOCAL_FS
    public static final int EXT_SD_FS
    public static final int DROPBOX_FS
    public static final java.lang.String PARAM_KEY_PATH
    public static final java.lang.String PARAM_KEY_PROVIDER
    public static final java.lang.String PARAM_KEY_MODE
    public static final int REQUEST_CODE
    public static final java.lang.String ERROR_KEY
    public static final java.lang.String ENCDROID_SD_DIR_NAME
    public static final java.lang.String CUR_DIR_KEY
    private static final java.lang.String TAG
    private static final int DIALOG_AUTO_IMPORT
    370:373:private void returnFailure()
org.mrpdaemon.android.encdroidmc.EDLogger:
    23:23:public EDLogger()
org.mrpdaemon.android.encdroidmc.EDNativePBKDF2Provider:
    native byte[] pbkdf2(int,java.lang.String,int,byte[],int,int)
    27:28:public byte[] doPBKDF2(int,java.lang.String,int,byte[],int,int)
org.mrpdaemon.android.encdroidmc.EDPreferenceActivity:
    private static final java.lang.String TAG
org.mrpdaemon.android.encdroidmc.EDVolumeBrowserActivity:
    public static final java.lang.String VOL_ID_KEY
    public static final java.lang.String ENCDROID_SD_DIR_NAME
    public static final int VIEW_FILE_REQUEST
    public static final int PICK_FILE_REQUEST
    public static final int EXPORT_FILE_REQUEST
    public static final int EDIT_TEXT_FILE
    public static final java.lang.String SAVED_CUR_DIR_PATH_KEY
    private static final java.lang.String SAVED_PASTE_MODE_KEY
    public static final java.lang.String SAVED_PASTE_FILE_PATH_KEY
    private static final java.lang.String SAVED_OPEN_FILE_PATH_KEY
    private static final java.lang.String SAVED_OPEN_FILE_NAME_KEY
    private static final java.lang.String SAVED_IMPORT_FILE_NAME_KEY
    private static final java.lang.String SAVED_ASYNC_TASK_ID_KEY
    public static final int DIALOG_ERROR
    private static final int DIALOG_FILE_RENAME
    private static final int DIALOG_FILE_DELETE
    private static final int DIALOG_CREATE_FOLDER
    private static final int DIALOG_CREATE_FILE
    private static final int ASYNC_TASK_SYNC
    public static final int ASYNC_TASK_IMPORT
    private static final int ASYNC_TASK_DECRYPT
    private static final int ASYNC_TASK_EXPORT
    private static final int ASYNC_TASK_RENAME
    private static final int ASYNC_TASK_DELETE
    private static final int ASYNC_TASK_CREATE_DIR
    private static final int ASYNC_TASK_PASTE
    private static final int ASYNC_TASK_SAVE_EXTERNAL_APP_FILE_HERE
...
jcifs.smb.TransWaitNamedPipe:
    42:42:int readSetupWireFormat(byte[],int,int)
    51:51:int readParametersWireFormat(byte[],int,int)
    54:54:int readDataWireFormat(byte[],int,int)
jcifs.smb.TransWaitNamedPipeResponse:
    29:29:int writeSetupWireFormat(byte[],int)
    32:32:int writeParametersWireFormat(byte[],int)
    35:35:int writeDataWireFormat(byte[],int)
    38:38:int readSetupWireFormat(byte[],int,int)
jcifs.smb.TransactNamedPipeInputStream
jcifs.smb.TransactNamedPipeOutputStream
jcifs.smb.WinError:
    public static final int ERROR_SUCCESS
    public static final int ERROR_REQ_NOT_ACCEP
    public static final int ERROR_BAD_PIPE
    public static final int ERROR_PIPE_BUSY
    public static final int ERROR_NO_DATA
    public static final int ERROR_PIPE_NOT_CONNECTED
    public static final int ERROR_MORE_DATA
    public static final int ERROR_NO_BROWSER_SERVERS_FOUND
jcifs.util.Base64
jcifs.util.DES:
    202:205:private void decrypt(byte[],int,byte[],int)
    296:297:public void decrypt(byte[],byte[])
    304:317:public byte[] encrypt(byte[])
    325:338:public byte[] decrypt(byte[])
jcifs.util.Encdec
jcifs.util.HMACT64:
    private static final int BLOCK_LENGTH
    private static final byte IPAD
    private static final byte OPAD
jcifs.util.Hexdump:
    28:28:public Hexdump()
    116:118:public static java.lang.String toHexString(long,int)
    151:158:public static void toHexChars(long,char[],int,int)
jcifs.util.MD4:
    private static final int BLOCK_LENGTH
jcifs.util.MimeMap
org.apache.commons.codec.BinaryDecoder
org.apache.commons.codec.BinaryEncoder
org.apache.commons.codec.CharEncoding
org.apache.commons.codec.Decoder
org.apache.commons.codec.DecoderException
org.apache.commons.codec.Encoder
org.apache.commons.codec.EncoderException
org.apache.commons.codec.StringDecoder
org.apache.commons.codec.StringEncoder
org.apache.commons.codec.StringEncoderComparator
org.apache.commons.codec.binary.Base64
org.apache.commons.codec.binary.Base64InputStream
org.apache.commons.codec.binary.Base64OutputStream
org.apache.commons.codec.binary.BinaryCodec
org.apache.commons.codec.binary.Hex
org.apache.commons.codec.binary.StringUtils
org.apache.commons.codec.digest.DigestUtils
org.apache.commons.codec.language.Caverphone
org.apache.commons.codec.language.DoubleMetaphone
org.apache.commons.codec.language.DoubleMetaphone$DoubleMetaphoneResult
org.apache.commons.codec.language.Metaphone
org.apache.commons.codec.language.RefinedSoundex
org.apache.commons.codec.language.Soundex
org.apache.commons.codec.language.SoundexUtils
org.apache.commons.codec.net.BCodec
org.apache.commons.codec.net.QCodec
org.apache.commons.codec.net.QuotedPrintableCodec
org.apache.commons.codec.net.RFC1522Codec
org.apache.commons.codec.net.URLCodec
org.apache.commons.codec.net.Utils
org.apache.commons.logging.Log
org.apache.commons.logging.LogConfigurationException
org.apache.commons.logging.LogFactory
org.apache.commons.logging.LogFactory$1
org.apache.commons.logging.LogFactory$2
org.apache.commons.logging.LogFactory$3
org.apache.commons.logging.LogFactory$4
org.apache.commons.logging.LogFactory$5
org.apache.commons.logging.LogFactory$6
org.apache.commons.logging.LogSource
org.apache.commons.logging.impl.AvalonLogger
org.apache.commons.logging.impl.Jdk13LumberjackLogger
org.apache.commons.logging.impl.Jdk14Logger
org.apache.commons.logging.impl.Log4JLogger
org.apache.commons.logging.impl.LogFactoryImpl
org.apache.commons.logging.impl.LogFactoryImpl$1
org.apache.commons.logging.impl.LogFactoryImpl$2
org.apache.commons.logging.impl.LogFactoryImpl$3
org.apache.commons.logging.impl.LogKitLogger
org.apache.commons.logging.impl.NoOpLog
org.apache.commons.logging.impl.ServletContextCleaner
org.apache.commons.logging.impl.SimpleLog
org.apache.commons.logging.impl.SimpleLog$1
org.apache.commons.logging.impl.WeakHashtable
org.apache.commons.logging.impl.WeakHashtable$1
org.apache.commons.logging.impl.WeakHashtable$Entry